{
  "timestamp": "2024-12-27T06:38:42.971Z",
  "level": "error",
  "message": "Failed to add subscriber",
  "email": "test22@example.com",
  "error": {
    "status": 409,
    "statusText": "Conflict",
    "details": {
      "status": 409,
      "title": "A duplicate subscriber with the email: test22@example.com was found",
      "type": "https://developer.bigcommerce.com/api-docs/getting-started/api-status-codes",
      "errors": {
        "email": "A duplicate subscriber with the email: test22@example.com was found"
      }
    }
  }
}
{
  "timestamp": "2024-12-27T06:38:43.211Z",
  "level": "error",
  "message": "Failed to add subscriber",
  "email": "test222@example.com",
  "error": {
    "status": 409,
    "statusText": "Conflict",
    "details": {
      "status": 409,
      "title": "A duplicate subscriber with the email: test222@example.com was found",
      "type": "https://developer.bigcommerce.com/api-docs/getting-started/api-status-codes",
      "errors": {
        "email": "A duplicate subscriber with the email: test222@example.com was found"
      }
    }
  }
}
{
  "timestamp": "2024-12-27T06:38:43.384Z",
  "level": "error",
  "message": "Failed to add subscriber",
  "email": "Test2@example.com",
  "error": {
    "status": 409,
    "statusText": "Conflict",
    "details": {
      "status": 409,
      "title": "A duplicate subscriber with the email: Test2@example.com was found",
      "type": "https://developer.bigcommerce.com/api-docs/getting-started/api-status-codes",
      "errors": {
        "email": "A duplicate subscriber with the email: Test2@example.com was found"
      }
    }
  }
}
{
  "timestamp": "2024-12-27T06:38:43.553Z",
  "level": "error",
  "message": "Failed to add subscriber",
  "email": "jdoe@example.com",
  "error": {
    "status": 409,
    "statusText": "Conflict",
    "details": {
      "status": 409,
      "title": "A duplicate subscriber with the email: jdoe@example.com was found",
      "type": "https://developer.bigcommerce.com/api-docs/getting-started/api-status-codes",
      "errors": {
        "email": "A duplicate subscriber with the email: jdoe@example.com was found"
      }
    }
  }
}
{
  "timestamp": "2024-12-27T06:38:43.767Z",
  "level": "error",
  "message": "Failed to add subscriber",
  "email": "jdeeeee@example.com",
  "error": {
    "status": 409,
    "statusText": "Conflict",
    "details": {
      "status": 409,
      "title": "A duplicate subscriber with the email: jdeeeee@example.com was found",
      "type": "https://developer.bigcommerce.com/api-docs/getting-started/api-status-codes",
      "errors": {
        "email": "A duplicate subscriber with the email: jdeeeee@example.com was found"
      }
    }
  }
}
{
  "timestamp": "2024-12-27T06:38:43.930Z",
  "level": "error",
  "message": "Failed to add subscriber",
  "email": "poop@example.com",
  "error": {
    "status": 409,
    "statusText": "Conflict",
    "details": {
      "status": 409,
      "title": "A duplicate subscriber with the email: poop@example.com was found",
      "type": "https://developer.bigcommerce.com/api-docs/getting-started/api-status-codes",
      "errors": {
        "email": "A duplicate subscriber with the email: poop@example.com was found"
      }
    }
  }
}
{
  "timestamp": "2024-12-27T06:38:44.130Z",
  "level": "error",
  "message": "Failed to add subscriber",
  "email": "igfbuqei@example.com",
  "error": {
    "status": 409,
    "statusText": "Conflict",
    "details": {
      "status": 409,
      "title": "A duplicate subscriber with the email: igfbuqei@example.com was found",
      "type": "https://developer.bigcommerce.com/api-docs/getting-started/api-status-codes",
      "errors": {
        "email": "A duplicate subscriber with the email: igfbuqei@example.com was found"
      }
    }
  }
}
{
  "timestamp": "2024-12-27T06:38:44.303Z",
  "level": "error",
  "message": "Failed to add subscriber",
  "email": "ifb192@example.com",
  "error": {
    "status": 409,
    "statusText": "Conflict",
    "details": {
      "status": 409,
      "title": "A duplicate subscriber with the email: ifb192@example.com was found",
      "type": "https://developer.bigcommerce.com/api-docs/getting-started/api-status-codes",
      "errors": {
        "email": "A duplicate subscriber with the email: ifb192@example.com was found"
      }
    }
  }
}
{
  "timestamp": "2024-12-27T06:38:44.530Z",
  "level": "error",
  "message": "Failed to add subscriber",
  "email": "1iu4b@example.com",
  "error": {
    "status": 409,
    "statusText": "Conflict",
    "details": {
      "status": 409,
      "title": "A duplicate subscriber with the email: 1iu4b@example.com was found",
      "type": "https://developer.bigcommerce.com/api-docs/getting-started/api-status-codes",
      "errors": {
        "email": "A duplicate subscriber with the email: 1iu4b@example.com was found"
      }
    }
  }
}
{
  "timestamp": "2024-12-27T06:38:44.754Z",
  "level": "error",
  "message": "Failed to add subscriber",
  "email": "tgib1ubt@example.com",
  "error": {
    "status": 409,
    "statusText": "Conflict",
    "details": {
      "status": 409,
      "title": "A duplicate subscriber with the email: tgib1ubt@example.com was found",
      "type": "https://developer.bigcommerce.com/api-docs/getting-started/api-status-codes",
      "errors": {
        "email": "A duplicate subscriber with the email: tgib1ubt@example.com was found"
      }
    }
  }
}
{
  "timestamp": "2024-12-27T06:38:44.959Z",
  "level": "error",
  "message": "Failed to add subscriber",
  "email": "21ruifgb1@example.com",
  "error": {
    "status": 409,
    "statusText": "Conflict",
    "details": {
      "status": 409,
      "title": "A duplicate subscriber with the email: 21ruifgb1@example.com was found",
      "type": "https://developer.bigcommerce.com/api-docs/getting-started/api-status-codes",
      "errors": {
        "email": "A duplicate subscriber with the email: 21ruifgb1@example.com was found"
      }
    }
  }
}
{
  "timestamp": "2024-12-27T06:38:45.142Z",
  "level": "error",
  "message": "Failed to add subscriber",
  "email": "1241o54u1b@example.com",
  "error": {
    "status": 409,
    "statusText": "Conflict",
    "details": {
      "status": 409,
      "title": "A duplicate subscriber with the email: 1241o54u1b@example.com was found",
      "type": "https://developer.bigcommerce.com/api-docs/getting-started/api-status-codes",
      "errors": {
        "email": "A duplicate subscriber with the email: 1241o54u1b@example.com was found"
      }
    }
  }
}
{
  "timestamp": "2024-12-27T06:38:45.303Z",
  "level": "error",
  "message": "Failed to add subscriber",
  "email": "potiu1h298@example.com",
  "error": {
    "status": 409,
    "statusText": "Conflict",
    "details": {
      "status": 409,
      "title": "A duplicate subscriber with the email: potiu1h298@example.com was found",
      "type": "https://developer.bigcommerce.com/api-docs/getting-started/api-status-codes",
      "errors": {
        "email": "A duplicate subscriber with the email: potiu1h298@example.com was found"
      }
    }
  }
}
{
  "timestamp": "2024-12-27T06:38:45.519Z",
  "level": "error",
  "message": "Failed to add subscriber",
  "email": "123@example2.com",
  "error": {
    "status": 409,
    "statusText": "Conflict",
    "details": {
      "status": 409,
      "title": "A duplicate subscriber with the email: 123@example2.com was found",
      "type": "https://developer.bigcommerce.com/api-docs/getting-started/api-status-codes",
      "errors": {
        "email": "A duplicate subscriber with the email: 123@example2.com was found"
      }
    }
  }
}
{
  "timestamp": "2024-12-27T06:38:45.735Z",
  "level": "error",
  "message": "Failed to add subscriber",
  "email": "skgib@example.com",
  "error": {
    "status": 409,
    "statusText": "Conflict",
    "details": {
      "status": 409,
      "title": "A duplicate subscriber with the email: skgib@example.com was found",
      "type": "https://developer.bigcommerce.com/api-docs/getting-started/api-status-codes",
      "errors": {
        "email": "A duplicate subscriber with the email: skgib@example.com was found"
      }
    }
  }
}
